Running "watch" task
Waiting...
>> File "sass/_custom.scss" changed.
Running "sass:dist" (sass) task

Done.
Completed in 2.662s at Wed Oct 26 2016 15:10:19 GMT+0100 (BST) - Waiting...
>> File "src/main.js" changed.
Running "browserify:dist" (browserify) task
>> Bundle dist/main.js created.

Running "uglify:dist" (uglify) task
>> 1 sourcemap created.
>> 1 file created.

Done.
Completed in 7.660s at Wed Oct 26 2016 15:17:17 GMT+0100 (BST) - Waiting...
>> File "src/main.js" changed.
Running "browserify:dist" (browserify) task
>> Bundle dist/main.js created.

Running "uglify:dist" (uglify) task
>> 1 sourcemap created.
>> 1 file created.

Done.
Completed in 7.940s at Wed Oct 26 2016 15:20:09 GMT+0100 (BST) - Waiting...
>> File "src/main.js" changed.
Running "browserify:dist" (browserify) task
>> Bundle dist/main.js created.

Running "uglify:dist" (uglify) task
>> 1 sourcemap created.
>> 1 file created.

Done.
Completed in 7.710s at Wed Oct 26 2016 15:23:48 GMT+0100 (BST) - Waiting...
>> File "src/main.js" changed.
Running "browserify:dist" (browserify) task
>> Bundle dist/main.js created.

Running "uglify:dist" (uglify) task
>> 1 sourcemap created.
>> 1 file created.

Done.
Completed in 7.900s at Wed Oct 26 2016 15:27:07 GMT+0100 (BST) - Waiting...
>> File "src/main.js" changed.
Running "browserify:dist" (browserify) task
>> SyntaxError: /home/admin/site-for-dawn/src/main.js: Unexpected token, expected , (37:29) while parsing file: /home/admin/site-for-dawn/src/main.js
Warning: Error running grunt-browserify. Use --force to continue.

Aborted due to warnings.
Completed in 0.898s at Wed Oct 26 2016 15:32:19 GMT+0100 (BST) - Waiting...
>> File "src/main.js" changed.
Running "browserify:dist" (browserify) task
>> Bundle dist/main.js created.

Running "uglify:dist" (uglify) task
>> 1 sourcemap created.
>> 1 file created.

Done.
Completed in 7.917s at Wed Oct 26 2016 15:33:35 GMT+0100 (BST) - Waiting...
>> File "sass/_custom.scss" changed.
Running "sass:dist" (sass) task

Done.
Completed in 2.675s at Wed Oct 26 2016 15:35:51 GMT+0100 (BST) - Waiting...
